<?xml version="1.0" encoding="UTF-8"?>
<testsuite name="TestSuite" time="7.589" tests="54" errors="0" skipped="53" failures="1">
  <properties>
    <property name="java.runtime.name" value="Java(TM) SE Runtime Environment"/>
    <property name="sun.boot.library.path" value="C:\Program Files\Java\jdk1.8.0_91\jre\bin"/>
    <property name="java.vm.version" value="25.91-b15"/>
    <property name="java.vm.vendor" value="Oracle Corporation"/>
    <property name="maven.multiModuleProjectDirectory" value="C:\Users\santhosh.baby\git\android"/>
    <property name="java.vendor.url" value="http://java.oracle.com/"/>
    <property name="path.separator" value=";"/>
    <property name="guice.disable.misplaced.annotation.check" value="true"/>
    <property name="java.vm.name" value="Java HotSpot(TM) 64-Bit Server VM"/>
    <property name="file.encoding.pkg" value="sun.io"/>
    <property name="user.script" value=""/>
    <property name="user.country" value="US"/>
    <property name="sun.java.launcher" value="SUN_STANDARD"/>
    <property name="sun.os.patch.level" value="Service Pack 1"/>
    <property name="java.vm.specification.name" value="Java Virtual Machine Specification"/>
    <property name="user.dir" value="C:\Users\santhosh.baby\git\android"/>
    <property name="java.runtime.version" value="1.8.0_91-b15"/>
    <property name="java.awt.graphicsenv" value="sun.awt.Win32GraphicsEnvironment"/>
    <property name="java.endorsed.dirs" value="C:\Program Files\Java\jdk1.8.0_91\jre\lib\endorsed"/>
    <property name="os.arch" value="amd64"/>
    <property name="java.io.tmpdir" value="C:\Users\SANTHO~1.BAB\AppData\Local\Temp\"/>
    <property name="line.separator" value="&#10;"/>
    <property name="java.vm.specification.vendor" value="Oracle Corporation"/>
    <property name="user.variant" value=""/>
    <property name="os.name" value="Windows 7"/>
    <property name="classworlds.conf" value="C:\maven\bin\..\bin\m2.conf"/>
    <property name="sun.jnu.encoding" value="Cp1252"/>
    <property name="java.library.path" value="C:\Program Files\Java\jdk1.8.0_91\bin;C:\Windows\Sun\Java\bin;C:\Windows\system32;C:\Windows;D:\app\Santhosh.Baby\product\11.2.0\dbhome_2\bin;D:\app\Santhosh.Baby\product\11.2.0\dbhome_1\bin;C:\Program Files\avs\bin;C:\ProgramData\Oracle\Java\javapath;C:\Program Files\Broadcom\Broadcom 802.11;C:\Windows\system32;C:\Windows;C:\Windows\System32\Wbem;C:\Windows\System32\WindowsPowerShell\v1.0\;C:\Program Files\Java\jdk1.8.0_91\bin;C:\maven\bin;C:\Program Files\Java\jdk1.8.0_91\bin;C:\Program Files\Java\jdk1.8.0_91\lib;C:\Program Files (x86)\Android\android-sdk\tools\;C:\Program Files (x86)\Skype\Phone\;C:\Program Files (x86)\Android\android-sdk\platform-tools;C:\Program Files (x86)\Android\android-sdk\;C:\Program Files (x86)\Android\android-sdk\platform-tools;C:\Program Files (x86)\Android\android-sdk\platform-tools;C:\Program Files\Git\cmd;C:\Program Files\Git\mingw64\bin;C:\Program Files\Git\usr\bin;C:\Program Files (x86)\Appium\node_modules\.bin;C:\Program Files\nodejs;C:\Program Files (x86)\Enterprise Vault\EVClient\x64\;C:\ant\bin;C:\Users\santhosh.baby\AppData\Roaming\npm;."/>
    <property name="java.specification.name" value="Java Platform API Specification"/>
    <property name="java.class.version" value="52.0"/>
    <property name="sun.management.compiler" value="HotSpot 64-Bit Tiered Compilers"/>
    <property name="os.version" value="6.1"/>
    <property name="user.home" value="C:\Users\santhosh.baby"/>
    <property name="user.timezone" value="Asia/Calcutta"/>
    <property name="java.awt.printerjob" value="sun.awt.windows.WPrinterJob"/>
    <property name="java.specification.version" value="1.8"/>
    <property name="file.encoding" value="Cp1252"/>
    <property name="user.name" value="Santhosh.Baby"/>
    <property name="java.class.path" value="C:\maven\bin\..\boot\plexus-classworlds-2.5.2.jar"/>
    <property name="java.vm.specification.version" value="1.8"/>
    <property name="sun.arch.data.model" value="64"/>
    <property name="java.home" value="C:\Program Files\Java\jdk1.8.0_91\jre"/>
    <property name="sun.java.command" value="org.codehaus.plexus.classworlds.launcher.Launcher test"/>
    <property name="java.specification.vendor" value="Oracle Corporation"/>
    <property name="user.language" value="en"/>
    <property name="awt.toolkit" value="sun.awt.windows.WToolkit"/>
    <property name="java.vm.info" value="mixed mode"/>
    <property name="java.version" value="1.8.0_91"/>
    <property name="java.ext.dirs" value="C:\Program Files\Java\jdk1.8.0_91\jre\lib\ext;C:\Windows\Sun\Java\lib\ext"/>
    <property name="sun.boot.class.path" value="C:\Program Files\Java\jdk1.8.0_91\jre\lib\resources.jar;C:\Program Files\Java\jdk1.8.0_91\jre\lib\rt.jar;C:\Program Files\Java\jdk1.8.0_91\jre\lib\sunrsasign.jar;C:\Program Files\Java\jdk1.8.0_91\jre\lib\jsse.jar;C:\Program Files\Java\jdk1.8.0_91\jre\lib\jce.jar;C:\Program Files\Java\jdk1.8.0_91\jre\lib\charsets.jar;C:\Program Files\Java\jdk1.8.0_91\jre\lib\jfr.jar;C:\Program Files\Java\jdk1.8.0_91\jre\classes"/>
    <property name="sun.stderr.encoding" value="cp437"/>
    <property name="java.vendor" value="Oracle Corporation"/>
    <property name="maven.home" value="C:\maven\bin\.."/>
    <property name="file.separator" value="\"/>
    <property name="java.vendor.url.bug" value="http://bugreport.sun.com/bugreport/"/>
    <property name="sun.cpu.endian" value="little"/>
    <property name="sun.io.unicode.encoding" value="UnicodeLittle"/>
    <property name="sun.stdout.encoding" value="cp437"/>
    <property name="sun.desktop" value="windows"/>
    <property name="sun.cpu.isalist" value="amd64"/>
  </properties>
  <testcase name="setUp" classname="com.appium.san.ajio.androidajio.SmokeTest" time="7.589">
    <failure message="A new session could not be created. (Original error: Bad app: D:\Android\Ajio-Prod_1-2.apk. App paths need to be absolute, or relative to the appium server install dir, or a URL to compressed file, or a special app name. cause: Error: Error locating the app: ENOENT: no such file or directory, stat &apos;D:\Android\Ajio-Prod_1-2.apk&apos;) (WARNING: The server did not provide any stacktrace information)&#10;Command duration or timeout: 423 milliseconds&#10;Build info: version: &apos;2.48.2&apos;, revision: &apos;41bccdd10cf2c0560f637404c2d96164b67d9d67&apos;, time: &apos;2015-10-09 13:08:06&apos;&#10;System info: host: &apos;LT0062160&apos;, ip: &apos;169.254.53.1&apos;, os.name: &apos;Windows 7&apos;, os.arch: &apos;amd64&apos;, os.version: &apos;6.1&apos;, java.version: &apos;1.8.0_91&apos;&#10;Driver info: io.appium.java_client.android.AndroidDriver" type="org.openqa.selenium.SessionNotCreatedException"><![CDATA[org.openqa.selenium.SessionNotCreatedException: A new session could not be created. (Original error: Bad app: D:\Android\Ajio-Prod_1-2.apk. App paths need to be absolute, or relative to the appium server install dir, or a URL to compressed file, or a special app name. cause: Error: Error locating the app: ENOENT: no such file or directory, stat 'D:\Android\Ajio-Prod_1-2.apk') (WARNING: The server did not provide any stacktrace information)
Command duration or timeout: 423 milliseconds
Build info: version: '2.48.2', revision: '41bccdd10cf2c0560f637404c2d96164b67d9d67', time: '2015-10-09 13:08:06'
System info: host: 'LT0062160', ip: '169.254.53.1', os.name: 'Windows 7', os.arch: 'amd64', os.version: '6.1', java.version: '1.8.0_91'
Driver info: io.appium.java_client.android.AndroidDriver
	at sun.reflect.NativeConstructorAccessorImpl.newInstance0(Native Method)
	at sun.reflect.NativeConstructorAccessorImpl.newInstance(NativeConstructorAccessorImpl.java:62)
	at sun.reflect.DelegatingConstructorAccessorImpl.newInstance(DelegatingConstructorAccessorImpl.java:45)
	at java.lang.reflect.Constructor.newInstance(Constructor.java:423)
	at org.openqa.selenium.remote.ErrorHandler.createThrowable(ErrorHandler.java:206)
	at org.openqa.selenium.remote.ErrorHandler.throwIfResponseFailed(ErrorHandler.java:158)
	at org.openqa.selenium.remote.RemoteWebDriver.execute(RemoteWebDriver.java:647)
	at io.appium.java_client.DefaultGenericMobileDriver.execute(DefaultGenericMobileDriver.java:42)
	at io.appium.java_client.AppiumDriver.execute(AppiumDriver.java:1)
	at io.appium.java_client.android.AndroidDriver.execute(AndroidDriver.java:1)
	at org.openqa.selenium.remote.RemoteWebDriver.startSession(RemoteWebDriver.java:247)
	at org.openqa.selenium.remote.RemoteWebDriver.<init>(RemoteWebDriver.java:129)
	at org.openqa.selenium.remote.RemoteWebDriver.<init>(RemoteWebDriver.java:142)
	at io.appium.java_client.DefaultGenericMobileDriver.<init>(DefaultGenericMobileDriver.java:37)
	at io.appium.java_client.AppiumDriver.<init>(AppiumDriver.java:161)
	at io.appium.java_client.AppiumDriver.<init>(AppiumDriver.java:170)
	at io.appium.java_client.android.AndroidDriver.<init>(AndroidDriver.java:82)
	at com.san.appium.sandriver.TestBase.setUp(TestBase.java:94)
	at sun.reflect.NativeMethodAccessorImpl.invoke0(Native Method)
	at sun.reflect.NativeMethodAccessorImpl.invoke(NativeMethodAccessorImpl.java:62)
	at sun.reflect.DelegatingMethodAccessorImpl.invoke(DelegatingMethodAccessorImpl.java:43)
	at java.lang.reflect.Method.invoke(Method.java:498)
	at org.testng.internal.MethodInvocationHelper.invokeMethod(MethodInvocationHelper.java:85)
	at org.testng.internal.Invoker.invokeConfigurationMethod(Invoker.java:510)
	at org.testng.internal.Invoker.invokeConfigurations(Invoker.java:211)
	at org.testng.internal.Invoker.invokeConfigurations(Invoker.java:138)
	at org.testng.TestRunner.beforeRun(TestRunner.java:647)
	at org.testng.TestRunner.run(TestRunner.java:615)
	at org.testng.SuiteRunner.runTest(SuiteRunner.java:357)
	at org.testng.SuiteRunner.access$000(SuiteRunner.java:39)
	at org.testng.SuiteRunner$SuiteWorker.run(SuiteRunner.java:391)
	at org.testng.internal.thread.ThreadUtil$2.call(ThreadUtil.java:64)
	at java.util.concurrent.FutureTask.run(FutureTask.java:266)
	at java.util.concurrent.ThreadPoolExecutor.runWorker(ThreadPoolExecutor.java:1142)
	at java.util.concurrent.ThreadPoolExecutor$Worker.run(ThreadPoolExecutor.java:617)
	at java.lang.Thread.run(Thread.java:745)
]]></failure>
    <system-out><![CDATA[command to run: adb -s 98857538485134424f shell pm clear com.ril.ajio
temp line: * daemon not running. starting it now on port 5037 *
temp line: * daemon started successfully *
temp line: Failed
temp line: 
result after command: [* daemon not running. starting it now on port 5037 *, * daemon started successfully *, Failed, ]
http://localhost:4726/wd/hub
]]></system-out>
  </testcase>
  <testcase name="startTest" classname="com.appium.san.ajio.androidajio.SmokeTest" time="0">
    <skipped/>
  </testcase>
  <testcase name="startTest" classname="com.appium.san.ajio.androidajio.SmokeTest" time="0">
    <skipped/>
  </testcase>
  <testcase name="startTest" classname="com.appium.san.ajio.androidajio.SmokeTest" time="0">
    <skipped/>
  </testcase>
  <testcase name="startTest" classname="com.appium.san.ajio.androidajio.SmokeTest" time="0">
    <skipped/>
  </testcase>
  <testcase name="startTest" classname="com.appium.san.ajio.androidajio.SmokeTest" time="0">
    <skipped/>
  </testcase>
  <testcase name="startTest" classname="com.appium.san.ajio.androidajio.SmokeTest" time="0">
    <skipped/>
  </testcase>
  <testcase name="startTest" classname="com.appium.san.ajio.androidajio.SmokeTest" time="0">
    <skipped/>
  </testcase>
  <testcase name="startTest" classname="com.appium.san.ajio.androidajio.SmokeTest" time="0">
    <skipped/>
  </testcase>
  <testcase name="startTest" classname="com.appium.san.ajio.androidajio.SmokeTest" time="0">
    <skipped/>
  </testcase>
  <testcase name="startTest" classname="com.appium.san.ajio.androidajio.SmokeTest" time="0">
    <skipped/>
  </testcase>
  <testcase name="startTest" classname="com.appium.san.ajio.androidajio.SmokeTest" time="0">
    <skipped/>
  </testcase>
  <testcase name="startTest" classname="com.appium.san.ajio.androidajio.SmokeTest" time="0">
    <skipped/>
  </testcase>
  <testcase name="startTest" classname="com.appium.san.ajio.androidajio.SmokeTest" time="0">
    <skipped/>
  </testcase>
  <testcase name="initbefore" classname="com.appium.san.ajio.androidajio.SmokeTest" time="0">
    <skipped/>
  </testcase>
  <testcase name="initbefore" classname="com.appium.san.ajio.androidajio.SmokeTest" time="0">
    <skipped/>
  </testcase>
  <testcase name="initbefore" classname="com.appium.san.ajio.androidajio.SmokeTest" time="0">
    <skipped/>
  </testcase>
  <testcase name="initbefore" classname="com.appium.san.ajio.androidajio.SmokeTest" time="0">
    <skipped/>
  </testcase>
  <testcase name="initbefore" classname="com.appium.san.ajio.androidajio.SmokeTest" time="0">
    <skipped/>
  </testcase>
  <testcase name="initbefore" classname="com.appium.san.ajio.androidajio.SmokeTest" time="0">
    <skipped/>
  </testcase>
  <testcase name="initbefore" classname="com.appium.san.ajio.androidajio.SmokeTest" time="0">
    <skipped/>
  </testcase>
  <testcase name="initbefore" classname="com.appium.san.ajio.androidajio.SmokeTest" time="0">
    <skipped/>
  </testcase>
  <testcase name="initbefore" classname="com.appium.san.ajio.androidajio.SmokeTest" time="0">
    <skipped/>
  </testcase>
  <testcase name="initbefore" classname="com.appium.san.ajio.androidajio.SmokeTest" time="0">
    <skipped/>
  </testcase>
  <testcase name="initbefore" classname="com.appium.san.ajio.androidajio.SmokeTest" time="0">
    <skipped/>
  </testcase>
  <testcase name="initbefore" classname="com.appium.san.ajio.androidajio.SmokeTest" time="0">
    <skipped/>
  </testcase>
  <testcase name="initbefore" classname="com.appium.san.ajio.androidajio.SmokeTest" time="0">
    <skipped/>
  </testcase>
  <testcase name="Add_Remove_feature_in_cart" classname="com.appium.san.ajio.androidajio.SmokeTest" time="0">
    <skipped/>
  </testcase>
  <testcase name="afterTest" classname="com.appium.san.ajio.androidajio.SmokeTest" time="0">
    <skipped/>
  </testcase>
  <testcase name="afterTest" classname="com.appium.san.ajio.androidajio.SmokeTest" time="0">
    <skipped/>
  </testcase>
  <testcase name="afterTest" classname="com.appium.san.ajio.androidajio.SmokeTest" time="0">
    <skipped/>
  </testcase>
  <testcase name="afterTest" classname="com.appium.san.ajio.androidajio.SmokeTest" time="0">
    <skipped/>
  </testcase>
  <testcase name="afterTest" classname="com.appium.san.ajio.androidajio.SmokeTest" time="0">
    <skipped/>
  </testcase>
  <testcase name="afterTest" classname="com.appium.san.ajio.androidajio.SmokeTest" time="0">
    <skipped/>
  </testcase>
  <testcase name="afterTest" classname="com.appium.san.ajio.androidajio.SmokeTest" time="0">
    <skipped/>
  </testcase>
  <testcase name="afterTest" classname="com.appium.san.ajio.androidajio.SmokeTest" time="0">
    <skipped/>
  </testcase>
  <testcase name="afterTest" classname="com.appium.san.ajio.androidajio.SmokeTest" time="0">
    <skipped/>
  </testcase>
  <testcase name="afterTest" classname="com.appium.san.ajio.androidajio.SmokeTest" time="0">
    <skipped/>
  </testcase>
  <testcase name="afterTest" classname="com.appium.san.ajio.androidajio.SmokeTest" time="0">
    <skipped/>
  </testcase>
  <testcase name="afterTest" classname="com.appium.san.ajio.androidajio.SmokeTest" time="0">
    <skipped/>
  </testcase>
  <testcase name="afterTest" classname="com.appium.san.ajio.androidajio.SmokeTest" time="0">
    <skipped/>
  </testcase>
  <testcase name="Verify_Add_New_Delivery_Address" classname="com.appium.san.ajio.androidajio.SmokeTest" time="0">
    <skipped/>
  </testcase>
  <testcase name="Verify_Home_screen_contents_navigation_to_other_screens" classname="com.appium.san.ajio.androidajio.SmokeTest" time="0">
    <skipped/>
  </testcase>
  <testcase name="Verify_PDP_screen_adding_product" classname="com.appium.san.ajio.androidajio.SmokeTest" time="0">
    <skipped/>
  </testcase>
  <testcase name="Verify_edit_address" classname="com.appium.san.ajio.androidajio.SmokeTest" time="0">
    <skipped/>
  </testcase>
  <testcase name="Verify_my_account_screen" classname="com.appium.san.ajio.androidajio.SmokeTest" time="0">
    <skipped/>
  </testcase>
  <testcase name="Verify_offer_tag_appears_in_PLP" classname="com.appium.san.ajio.androidajio.SmokeTest" time="0">
    <skipped/>
  </testcase>
  <testcase name="Verify_pincode_check_in_PDP_and_cart" classname="com.appium.san.ajio.androidajio.SmokeTest" time="0">
    <skipped/>
  </testcase>
  <testcase name="Verify_promo_msgs_in_PDP" classname="com.appium.san.ajio.androidajio.SmokeTest" time="0">
    <skipped/>
  </testcase>
  <testcase name="Verify_user_can_see_shop_the_look_capsule_on_PDP" classname="com.appium.san.ajio.androidajio.SmokeTest" time="0">
    <skipped/>
  </testcase>
  <testcase name="Verify_user_can_sign_into_the_app_with_an_existing_account" classname="com.appium.san.ajio.androidajio.SmokeTest" time="0">
    <skipped/>
  </testcase>
  <testcase name="Verify_when_no_items_in_cart_closet" classname="com.appium.san.ajio.androidajio.SmokeTest" time="0">
    <skipped/>
  </testcase>
  <testcase name="place_order" classname="com.appium.san.ajio.androidajio.SmokeTest" time="0">
    <skipped/>
  </testcase>
  <testcase name="teardown" classname="com.appium.san.ajio.androidajio.SmokeTest" time="0">
    <skipped/>
  </testcase>
</testsuite>