<?xml version="1.0" encoding="UTF-8"?>
<!-- Generated by org.testng.reporters.JUnitXMLReporter -->
<testsuite hostname="santhosh-PC" name="Emulator-2" tests="1" failures="0" timestamp="10 Sep 2016 07:50:48 GMT" time="16.324" errors="0">
  <testcase name="@BeforeTest setUp" time="0.0" classname="com.appium.san.ajio.androidajio.TestLogin">
    <failure type="org.openqa.selenium.SessionNotCreatedException" message="A new session could not be created. (Original error: EPERM: operation not permitted, rename &amp;apos;C:\Users\santhosh\AppData\Local\Temp\116810-5780-8b6q7d\appium.tmp&amp;apos; -&amp;gt; &amp;apos;C:\Users\santhosh\Downloads\SHAREit\SM-G935F\app\AJIO.apk&amp;apos;) (WARNING: The server did not provide any stacktrace information)
Command duration or timeout: 15.70 seconds
Build info: version: &amp;apos;2.48.2&amp;apos;, revision: &amp;apos;41bccdd10cf2c0560f637404c2d96164b67d9d67&amp;apos;, time: &amp;apos;2015-10-09 13:08:06&amp;apos;
System info: host: &amp;apos;santhosh-PC&amp;apos;, ip: &amp;apos;169.254.114.64&amp;apos;, os.name: &amp;apos;Windows 7&amp;apos;, os.arch: &amp;apos;amd64&amp;apos;, os.version: &amp;apos;6.1&amp;apos;, java.version: &amp;apos;1.8.0_25&amp;apos;
Driver info: io.appium.java_client.android.AndroidDriver">
      <![CDATA[org.openqa.selenium.SessionNotCreatedException: A new session could not be created. (Original error: EPERM: operation not permitted, rename 'C:\Users\santhosh\AppData\Local\Temp\116810-5780-8b6q7d\appium.tmp' -> 'C:\Users\santhosh\Downloads\SHAREit\SM-G935F\app\AJIO.apk') (WARNING: The server did not provide any stacktrace information)
Command duration or timeout: 15.70 seconds
Build info: version: '2.48.2', revision: '41bccdd10cf2c0560f637404c2d96164b67d9d67', time: '2015-10-09 13:08:06'
System info: host: 'santhosh-PC', ip: '169.254.114.64', os.name: 'Windows 7', os.arch: 'amd64', os.version: '6.1', java.version: '1.8.0_25'
Driver info: io.appium.java_client.android.AndroidDriver
	at org.openqa.selenium.remote.ErrorHandler.createThrowable(ErrorHandler.java:206)
	at org.openqa.selenium.remote.ErrorHandler.throwIfResponseFailed(ErrorHandler.java:158)
	at org.openqa.selenium.remote.RemoteWebDriver.execute(RemoteWebDriver.java:647)
	at io.appium.java_client.DefaultGenericMobileDriver.execute(DefaultGenericMobileDriver.java:42)
	at io.appium.java_client.AppiumDriver.execute(AppiumDriver.java:1)
	at io.appium.java_client.android.AndroidDriver.execute(AndroidDriver.java:1)
	at org.openqa.selenium.remote.RemoteWebDriver.startSession(RemoteWebDriver.java:247)
	at org.openqa.selenium.remote.RemoteWebDriver.<init>(RemoteWebDriver.java:129)
	at org.openqa.selenium.remote.RemoteWebDriver.<init>(RemoteWebDriver.java:142)
	at io.appium.java_client.DefaultGenericMobileDriver.<init>(DefaultGenericMobileDriver.java:37)
	at io.appium.java_client.AppiumDriver.<init>(AppiumDriver.java:161)
	at io.appium.java_client.AppiumDriver.<init>(AppiumDriver.java:170)
	at io.appium.java_client.android.AndroidDriver.<init>(AndroidDriver.java:82)
	at com.san.appium.sandriver.TestBase.setUp(TestBase.java:59)
	at java.util.concurrent.FutureTask.run(Unknown Source)
	at java.util.concurrent.ThreadPoolExecutor.runWorker(Unknown Source)
	at java.util.concurrent.ThreadPoolExecutor$Worker.run(Unknown Source)
	at java.lang.Thread.run(Unknown Source)
... Removed 18 stack frames]]>
    </failure>
  </testcase> <!-- @BeforeTest setUp -->
  <testcase name="@AfterTest teardown" time="0.0" classname="com.appium.san.ajio.androidajio.TestLogin">
    <skipped/>
  </testcase> <!-- @AfterTest teardown -->
  <testcase name="testmethodLogin" time="0.001" classname="com.appium.san.ajio.androidajio.TestLogin">
    <skipped/>
  </testcase> <!-- testmethodLogin -->
</testsuite> <!-- Emulator-2 -->
